Determining if the pthread_create exist failed with the following output:
Change Dir: /home/fmthhadmin/Debayan/ZebraTrack/cmake-build-debug/CMakeFiles/CMakeTmp

Run Build Command(s):/usr/bin/make cmTC_c2644/fast 
make[1]: Entering directory '/home/fmthhadmin/Debayan/ZebraTrack/cmake-build-debug/CMakeFiles/CMakeTmp'
/usr/bin/make -f CMakeFiles/cmTC_c2644.dir/build.make CMakeFiles/cmTC_c2644.dir/build
make[2]: Entering directory '/home/fmthhadmin/Debayan/ZebraTrack/cmake-build-debug/CMakeFiles/CMakeTmp'
Building C object CMakeFiles/cmTC_c2644.dir/CheckSymbolExists.c.o
/usr/bin/cc   -fPIC    -o CMakeFiles/cmTC_c2644.dir/CheckSymbolExists.c.o   -c /home/fmthhadmin/Debayan/ZebraTrack/cmake-build-debug/CMakeFiles/CMakeTmp/CheckSymbolExists.c
Linking C executable cmTC_c2644
/home/fmthhadmin/Debayan/clion-2019.1.3/bin/cmake/linux/bin/cmake -E cmake_link_script CMakeFiles/cmTC_c2644.dir/link.txt --verbose=1
/usr/bin/cc -fPIC     CMakeFiles/cmTC_c2644.dir/CheckSymbolExists.c.o  -o cmTC_c2644 
CMakeFiles/cmTC_c2644.dir/CheckSymbolExists.c.o: In function `main':
CheckSymbolExists.c:(.text+0x1b): undefined reference to `pthread_create'
collect2: error: ld returned 1 exit status
CMakeFiles/cmTC_c2644.dir/build.make:86: recipe for target 'cmTC_c2644' failed
make[2]: *** [cmTC_c2644] Error 1
make[2]: Leaving directory '/home/fmthhadmin/Debayan/ZebraTrack/cmake-build-debug/CMakeFiles/CMakeTmp'
Makefile:121: recipe for target 'cmTC_c2644/fast' failed
make[1]: *** [cmTC_c2644/fast] Error 2
make[1]: Leaving directory '/home/fmthhadmin/Debayan/ZebraTrack/cmake-build-debug/CMakeFiles/CMakeTmp'

File /home/fmthhadmin/Debayan/ZebraTrack/cmake-build-debug/CMakeFiles/CMakeTmp/CheckSymbolExists.c:
/* */
#include <pthread.h>

int main(int argc, char** argv)
{
  (void)argv;
#ifndef pthread_create
  return ((int*)(&pthread_create))[argc];
#else
  (void)argc;
  return 0;
#endif
}

Determining if the function pthread_create exists in the pthreads failed with the following output:
Change Dir: /home/fmthhadmin/Debayan/ZebraTrack/cmake-build-debug/CMakeFiles/CMakeTmp

Run Build Command(s):/usr/bin/make cmTC_e6721/fast 
make[1]: Entering directory '/home/fmthhadmin/Debayan/ZebraTrack/cmake-build-debug/CMakeFiles/CMakeTmp'
/usr/bin/make -f CMakeFiles/cmTC_e6721.dir/build.make CMakeFiles/cmTC_e6721.dir/build
make[2]: Entering directory '/home/fmthhadmin/Debayan/ZebraTrack/cmake-build-debug/CMakeFiles/CMakeTmp'
Building C object CMakeFiles/cmTC_e6721.dir/CheckFunctionExists.c.o
/usr/bin/cc   -fPIC -DCHECK_FUNCTION_EXISTS=pthread_create   -o CMakeFiles/cmTC_e6721.dir/CheckFunctionExists.c.o   -c /home/fmthhadmin/Debayan/clion-2019.1.3/bin/cmake/linux/share/cmake-3.14/Modules/CheckFunctionExists.c
Linking C executable cmTC_e6721
/home/fmthhadmin/Debayan/clion-2019.1.3/bin/cmake/linux/bin/cmake -E cmake_link_script CMakeFiles/cmTC_e6721.dir/link.txt --verbose=1
/usr/bin/cc -fPIC -DCHECK_FUNCTION_EXISTS=pthread_create    CMakeFiles/cmTC_e6721.dir/CheckFunctionExists.c.o  -o cmTC_e6721 -lpthreads 
/usr/bin/ld: cannot find -lpthreads
collect2: error: ld returned 1 exit status
CMakeFiles/cmTC_e6721.dir/build.make:86: recipe for target 'cmTC_e6721' failed
make[2]: *** [cmTC_e6721] Error 1
make[2]: Leaving directory '/home/fmthhadmin/Debayan/ZebraTrack/cmake-build-debug/CMakeFiles/CMakeTmp'
Makefile:121: recipe for target 'cmTC_e6721/fast' failed
make[1]: *** [cmTC_e6721/fast] Error 2
make[1]: Leaving directory '/home/fmthhadmin/Debayan/ZebraTrack/cmake-build-debug/CMakeFiles/CMakeTmp'


